
1,2,

3,3,

1,2,

3,3,

 The normal Intervals are: [1,3,3] [2,4,3] 
 The Merged Intervals are: [2,4,3] [1,2,3] 
10,12,
Case #1: 120
10,20,

3,3,

10,20,

3,3,

 The normal Intervals are: [10,12,3] [20,22,3] 
 The Merged Intervals are: [20,22,3] [10,12,3] 
10,20,
Case #1: 200
8,3,10,16,2,

1,4,6,6,9,

8,3,10,16,2,

1,4,6,6,9,

 The normal Intervals are: [3,4,4] [8,11,1] 
 The Merged Intervals are: [8,11,1] [3,4,4] 
 The normal Intervals are: [3,4,4] [8,11,1] [10,15,6] 
 The Merged Intervals are: [10,15,6] [8,10,1] [3,4,4] 
 The normal Intervals are: [3,4,4] [8,10,1] [10,15,6] [16,18,6] 
 The Merged Intervals are: [16,18,6] [10,15,6] [8,10,1] [3,4,4] 
 The normal Intervals are: [2,20,9] [3,4,4] [8,10,1] [10,15,6] [16,18,6] 
 The Merged Intervals are: [2,20,9] 
8,18,36,52,54,
Case #1: 14556672
14,5,14,0,0,0,0,0,0,0,

11,13,14,0,0,0,0,0,0,0,

14,5,14,27,13,14,12,2,18,43,

11,13,14,16,17,19,20,22,23,25,

 The normal Intervals are: [5,9,13] [14,20,11] 
 The Merged Intervals are: [14,20,11] [5,9,13] 
 The normal Intervals are: [5,9,13] [14,20,11] [14,27,14] 
 The Merged Intervals are: [14,27,14] [14,14,11] [5,9,13] 
 The normal Intervals are: [5,9,13] [14,14,11] [14,27,14] [27,59,16] 
 The Merged Intervals are: [27,59,16] [14,27,14] [14,14,11] [5,9,13] 
 The normal Intervals are: [5,9,13] [13,21,17] [14,14,11] [14,27,14] [27,59,16] 
 The Merged Intervals are: [27,59,16] [21,27,14] [13,21,17] [5,9,13] 
 The normal Intervals are: [5,9,13] [13,21,17] [14,21,19] [21,27,14] [27,59,16] 
 The Merged Intervals are: [27,59,16] [21,27,14] [21,21,17] [14,21,19] [13,14,17] [5,9,13] 
 The normal Intervals are: [5,9,13] [12,34,20] [13,14,17] [14,21,19] [21,21,17] [21,27,14] [27,59,16] 
 The Merged Intervals are: [34,59,16] [12,34,20] [5,9,13] 
 The normal Intervals are: [2,34,22] [5,9,13] [12,34,20] [34,59,16] 
 The Merged Intervals are: [34,59,16] [2,34,22] 
 The normal Intervals are: [2,34,22] [18,44,23] [34,59,16] 
 The Merged Intervals are: [44,59,16] [18,44,23] [2,18,22] 
 The normal Intervals are: [2,18,22] [18,44,23] [43,71,25] [44,59,16] 
 The Merged Intervals are: [43,71,25] [18,43,23] [2,18,22] 
34,68,88,156,164,168,168,158,160,188,
Case #1: 842325442
100,26,4,28,106,59,9,105,10,97,0,0,0,0,0,0,0,0,0,0,0,0,0,0,0,0,0,0,0,0,0,0,0,0,0,0,0,0,0,0,0,0,0,0,0,0,0,0,0,0,

38,103,109,109,116,157,181,217,234,234,0,0,0,0,0,0,0,0,0,0,0,0,0,0,0,0,0,0,0,0,0,0,0,0,0,0,0,0,0,0,0,0,0,0,0,0,0,0,0,0,

100,26,4,28,106,59,9,105,10,97,4805,1063,4271,2891,2267,1475,4547,371,1971,2675,83,2899,1939,2963,1491,435,403,3667,3315,1107,4499,2963,3507,3763,2291,147,83,1331,2035,4179,3155,1875,3987,2899,3443,307,3283,1107,4051,4371,

38,103,109,109,116,157,181,217,234,234,251,251,268,268,285,285,302,302,319,319,336,336,353,353,370,370,387,387,404,404,421,421,438,438,455,455,472,472,489,489,506,506,523,523,540,540,557,557,574,574,

 The normal Intervals are: [26,38,103] [100,230,38] 
 The Merged Intervals are: [100,230,38] [26,38,103] 
 The normal Intervals are: [4,86,109] [26,38,103] [100,230,38] 
 The Merged Intervals are: [100,230,38] [4,86,109] 
 The normal Intervals are: [4,86,109] [28,515,109] [100,230,38] 
 The Merged Intervals are: [28,515,109] [4,28,109] 
 The normal Intervals are: [4,28,109] [28,515,109] [106,118,116] 
 The Merged Intervals are: [118,515,109] [106,118,116] [28,106,109] [4,28,109] 
 The normal Intervals are: [4,28,109] [28,106,109] [59,89,157] [106,118,116] [118,515,109] 
 The Merged Intervals are: [118,515,109] [106,118,116] [89,106,109] [59,89,157] [28,59,109] [4,28,109] 
 The normal Intervals are: [4,28,109] [9,223,181] [28,59,109] [59,89,157] [89,106,109] [106,118,116] [118,515,109] 
 The Merged Intervals are: [223,515,109] [9,223,181] [4,9,109] 
 The normal Intervals are: [4,9,109] [9,223,181] [105,209,217] [223,515,109] 
 The Merged Intervals are: [223,515,109] [209,223,181] [105,209,217] [9,105,181] [4,9,109] 
 The normal Intervals are: [4,9,109] [9,105,181] [10,114,234] [105,209,217] [209,223,181] [223,515,109] 
 The Merged Intervals are: [223,515,109] [209,223,181] [114,209,217] [10,114,234] [9,10,181] [4,9,109] 
 The normal Intervals are: [4,9,109] [9,10,181] [10,114,234] [97,624,234] [114,209,217] [209,223,181] [223,515,109] 
 The Merged Intervals are: [97,624,234] [10,97,234] [9,10,181] [4,9,109] 
 The normal Intervals are: [4,9,109] [9,10,181] [10,97,234] [97,624,234] [4805,5317,251] 
 The Merged Intervals are: [4805,5317,251] [97,624,234] [10,97,234] [9,10,181] [4,9,109] 
 The normal Intervals are: [4,9,109] [9,10,181] [10,97,234] [97,624,234] [1063,1378,251] [4805,5317,251] 
 The Merged Intervals are: [4805,5317,251] [1063,1378,251] [97,624,234] [10,97,234] [9,10,181] [4,9,109] 
 The normal Intervals are: [4,9,109] [9,10,181] [10,97,234] [97,624,234] [1063,1378,251] [4271,4649,268] [4805,5317,251] 
 The Merged Intervals are: [4805,5317,251] [4271,4649,268] [1063,1378,251] [97,624,234] [10,97,234] [9,10,181] [4,9,109] 
 The normal Intervals are: [4,9,109] [9,10,181] [10,97,234] [97,624,234] [1063,1378,251] [2891,3025,268] [4271,4649,268] [4805,5317,251] 
 The Merged Intervals are: [4805,5317,251] [4271,4649,268] [2891,3025,268] [1063,1378,251] [97,624,234] [10,97,234] [9,10,181] [4,9,109] 
 The normal Intervals are: [4,9,109] [9,10,181] [10,97,234] [97,624,234] [1063,1378,251] [2267,2715,285] [2891,3025,268] [4271,4649,268] [4805,5317,251] 
 The Merged Intervals are: [4805,5317,251] [4271,4649,268] [2891,3025,268] [2267,2715,285] [1063,1378,251] [97,624,234] [10,97,234] [9,10,181] [4,9,109] 
 The normal Intervals are: [4,9,109] [9,10,181] [10,97,234] [97,624,234] [1063,1378,251] [1475,1663,285] [2267,2715,285] [2891,3025,268] [4271,4649,268] [4805,5317,251] 
 The Merged Intervals are: [4805,5317,251] [4271,4649,268] [2891,3025,268] [2267,2715,285] [1475,1663,285] [1063,1378,251] [97,624,234] [10,97,234] [9,10,181] [4,9,109] 
 The normal Intervals are: [4,9,109] [9,10,181] [10,97,234] [97,624,234] [1063,1378,251] [1475,1663,285] [2267,2715,285] [2891,3025,268] [4271,4649,268] [4547,4789,302] [4805,5317,251] 
 The Merged Intervals are: [4805,5317,251] [4547,4789,302] [4271,4547,268] [2891,3025,268] [2267,2715,285] [1475,1663,285] [1063,1378,251] [97,624,234] [10,97,234] [9,10,181] [4,9,109] 
 The normal Intervals are: [4,9,109] [9,10,181] [10,97,234] [97,624,234] [371,737,302] [1063,1378,251] [1475,1663,285] [2267,2715,285] [2891,3025,268] [4271,4547,268] [4547,4789,302] [4805,5317,251] 
 The Merged Intervals are: [4805,5317,251] [4547,4789,302] [4271,4547,268] [2891,3025,268] [2267,2715,285] [1475,1663,285] [1063,1378,251] [371,737,302] [97,371,234] [10,97,234] [9,10,181] [4,9,109] 
 The normal Intervals are: [4,9,109] [9,10,181] [10,97,234] [97,371,234] [371,737,302] [1063,1378,251] [1475,1663,285] [1971,2020,319] [2267,2715,285] [2891,3025,268] [4271,4547,268] [4547,4789,302] [4805,5317,251] 
 The Merged Intervals are: [4805,5317,251] [4547,4789,302] [4271,4547,268] [2891,3025,268] [2267,2715,285] [1971,2020,319] [1475,1663,285] [1063,1378,251] [371,737,302] [97,371,234] [10,97,234] [9,10,181] [4,9,109] 
 The normal Intervals are: [4,9,109] [9,10,181] [10,97,234] [97,371,234] [371,737,302] [1063,1378,251] [1475,1663,285] [1971,2020,319] [2267,2715,285] [2675,3246,319] [2891,3025,268] [4271,4547,268] [4547,4789,302] [4805,5317,251] 
 The Merged Intervals are: [4805,5317,251] [4547,4789,302] [4271,4547,268] [2675,3246,319] [2267,2675,285] [1971,2020,319] [1475,1663,285] [1063,1378,251] [371,737,302] [97,371,234] [10,97,234] [9,10,181] [4,9,109] 
 The normal Intervals are: [4,9,109] [9,10,181] [10,97,234] [83,584,336] [97,371,234] [371,737,302] [1063,1378,251] [1475,1663,285] [1971,2020,319] [2267,2675,285] [2675,3246,319] [4271,4547,268] [4547,4789,302] [4805,5317,251] 
 The Merged Intervals are: [4805,5317,251] [4547,4789,302] [4271,4547,268] [2675,3246,319] [2267,2675,285] [1971,2020,319] [1475,1663,285] [1063,1378,251] [584,737,302] [83,584,336] [10,83,234] [9,10,181] [4,9,109] 
 The normal Intervals are: [4,9,109] [9,10,181] [10,83,234] [83,584,336] [584,737,302] [1063,1378,251] [1475,1663,285] [1971,2020,319] [2267,2675,285] [2675,3246,319] [2899,3247,336] [4271,4547,268] [4547,4789,302] [4805,5317,251] 
 The Merged Intervals are: [4805,5317,251] [4547,4789,302] [4271,4547,268] [2899,3247,336] [2675,2899,319] [2267,2675,285] [1971,2020,319] [1475,1663,285] [1063,1378,251] [584,737,302] [83,584,336] [10,83,234] [9,10,181] [4,9,109] 
 The normal Intervals are: [4,9,109] [9,10,181] [10,83,234] [83,584,336] [584,737,302] [1063,1378,251] [1475,1663,285] [1939,2339,353] [1971,2020,319] [2267,2675,285] [2675,2899,319] [2899,3247,336] [4271,4547,268] [4547,4789,302] [4805,5317,251] 
 The Merged Intervals are: [4805,5317,251] [4547,4789,302] [4271,4547,268] [2899,3247,336] [2675,2899,319] [2339,2675,285] [1939,2339,353] [1475,1663,285] [1063,1378,251] [584,737,302] [83,584,336] [10,83,234] [9,10,181] [4,9,109] 
 The normal Intervals are: [4,9,109] [9,10,181] [10,83,234] [83,584,336] [584,737,302] [1063,1378,251] [1475,1663,285] [1939,2339,353] [2339,2675,285] [2675,2899,319] [2899,3247,336] [2963,3152,353] [4271,4547,268] [4547,4789,302] [4805,5317,251] 
 The Merged Intervals are: [4805,5317,251] [4547,4789,302] [4271,4547,268] [3152,3247,336] [2963,3152,353] [2899,2963,336] [2675,2899,319] [2339,2675,285] [1939,2339,353] [1475,1663,285] [1063,1378,251] [584,737,302] [83,584,336] [10,83,234] [9,10,181] [4,9,109] 
 The normal Intervals are: [4,9,109] [9,10,181] [10,83,234] [83,584,336] [584,737,302] [1063,1378,251] [1475,1663,285] [1491,2016,370] [1939,2339,353] [2339,2675,285] [2675,2899,319] [2899,2963,336] [2963,3152,353] [3152,3247,336] [4271,4547,268] [4547,4789,302] [4805,5317,251] 
 The Merged Intervals are: [4805,5317,251] [4547,4789,302] [4271,4547,268] [3152,3247,336] [2963,3152,353] [2899,2963,336] [2675,2899,319] [2339,2675,285] [2016,2339,353] [1491,2016,370] [1475,1491,285] [1063,1378,251] [584,737,302] [83,584,336] [10,83,234] [9,10,181] [4,9,109] 
 The normal Intervals are: [4,9,109] [9,10,181] [10,83,234] [83,584,336] [435,755,370] [584,737,302] [1063,1378,251] [1475,1491,285] [1491,2016,370] [2016,2339,353] [2339,2675,285] [2675,2899,319] [2899,2963,336] [2963,3152,353] [3152,3247,336] [4271,4547,268] [4547,4789,302] [4805,5317,251] 
 The Merged Intervals are: [4805,5317,251] [4547,4789,302] [4271,4547,268] [3152,3247,336] [2963,3152,353] [2899,2963,336] [2675,2899,319] [2339,2675,285] [2016,2339,353] [1491,2016,370] [1475,1491,285] [1063,1378,251] [435,755,370] [83,435,336] [10,83,234] [9,10,181] [4,9,109] 
 The normal Intervals are: [4,9,109] [9,10,181] [10,83,234] [83,435,336] [403,854,387] [435,755,370] [1063,1378,251] [1475,1491,285] [1491,2016,370] [2016,2339,353] [2339,2675,285] [2675,2899,319] [2899,2963,336] [2963,3152,353] [3152,3247,336] [4271,4547,268] [4547,4789,302] [4805,5317,251] 
 The Merged Intervals are: [4805,5317,251] [4547,4789,302] [4271,4547,268] [3152,3247,336] [2963,3152,353] [2899,2963,336] [2675,2899,319] [2339,2675,285] [2016,2339,353] [1491,2016,370] [1475,1491,285] [1063,1378,251] [403,854,387] [83,403,336] [10,83,234] [9,10,181] [4,9,109] 
 The normal Intervals are: [4,9,109] [9,10,181] [10,83,234] [83,403,336] [403,854,387] [1063,1378,251] [1475,1491,285] [1491,2016,370] [2016,2339,353] [2339,2675,285] [2675,2899,319] [2899,2963,336] [2963,3152,353] [3152,3247,336] [3667,3769,387] [4271,4547,268] [4547,4789,302] [4805,5317,251] 
 The Merged Intervals are: [4805,5317,251] [4547,4789,302] [4271,4547,268] [3667,3769,387] [3152,3247,336] [2963,3152,353] [2899,2963,336] [2675,2899,319] [2339,2675,285] [2016,2339,353] [1491,2016,370] [1475,1491,285] [1063,1378,251] [403,854,387] [83,403,336] [10,83,234] [9,10,181] [4,9,109] 
 The normal Intervals are: [4,9,109] [9,10,181] [10,83,234] [83,403,336] [403,854,387] [1063,1378,251] [1475,1491,285] [1491,2016,370] [2016,2339,353] [2339,2675,285] [2675,2899,319] [2899,2963,336] [2963,3152,353] [3152,3247,336] [3315,3914,404] [3667,3769,387] [4271,4547,268] [4547,4789,302] [4805,5317,251] 
 The Merged Intervals are: [4805,5317,251] [4547,4789,302] [4271,4547,268] [3315,3914,404] [3152,3247,336] [2963,3152,353] [2899,2963,336] [2675,2899,319] [2339,2675,285] [2016,2339,353] [1491,2016,370] [1475,1491,285] [1063,1378,251] [403,854,387] [83,403,336] [10,83,234] [9,10,181] [4,9,109] 
 The normal Intervals are: [4,9,109] [9,10,181] [10,83,234] [83,403,336] [403,854,387] [1063,1378,251] [1107,1359,404] [1475,1491,285] [1491,2016,370] [2016,2339,353] [2339,2675,285] [2675,2899,319] [2899,2963,336] [2963,3152,353] [3152,3247,336] [3315,3914,404] [4271,4547,268] [4547,4789,302] [4805,5317,251] 
 The Merged Intervals are: [4805,5317,251] [4547,4789,302] [4271,4547,268] [3315,3914,404] [3152,3247,336] [2963,3152,353] [2899,2963,336] [2675,2899,319] [2339,2675,285] [2016,2339,353] [1491,2016,370] [1475,1491,285] [1359,1378,251] [1107,1359,404] [1063,1107,251] [403,854,387] [83,403,336] [10,83,234] [9,10,181] [4,9,109] 
 The normal Intervals are: [4,9,109] [9,10,181] [10,83,234] [83,403,336] [403,854,387] [1063,1107,251] [1107,1359,404] [1359,1378,251] [1475,1491,285] [1491,2016,370] [2016,2339,353] [2339,2675,285] [2675,2899,319] [2899,2963,336] [2963,3152,353] [3152,3247,336] [3315,3914,404] [4271,4547,268] [4499,4626,421] [4547,4789,302] [4805,5317,251] 
 The Merged Intervals are: [4805,5317,251] [4626,4789,302] [4499,4626,421] [4271,4499,268] [3315,3914,404] [3152,3247,336] [2963,3152,353] [2899,2963,336] [2675,2899,319] [2339,2675,285] [2016,2339,353] [1491,2016,370] [1475,1491,285] [1359,1378,251] [1107,1359,404] [1063,1107,251] [403,854,387] [83,403,336] [10,83,234] [9,10,181] [4,9,109] 
 The normal Intervals are: [4,9,109] [9,10,181] [10,83,234] [83,403,336] [403,854,387] [1063,1107,251] [1107,1359,404] [1359,1378,251] [1475,1491,285] [1491,2016,370] [2016,2339,353] [2339,2675,285] [2675,2899,319] [2899,2963,336] [2963,3152,353] [2963,3223,421] [3152,3247,336] [3315,3914,404] [4271,4499,268] [4499,4626,421] [4626,4789,302] [4805,5317,251] 
 The Merged Intervals are: [4805,5317,251] [4626,4789,302] [4499,4626,421] [4271,4499,268] [3315,3914,404] [3223,3247,336] [2963,3223,421] [2963,2963,353] [2899,2963,336] [2675,2899,319] [2339,2675,285] [2016,2339,353] [1491,2016,370] [1475,1491,285] [1359,1378,251] [1107,1359,404] [1063,1107,251] [403,854,387] [83,403,336] [10,83,234] [9,10,181] [4,9,109] 
 The normal Intervals are: [4,9,109] [9,10,181] [10,83,234] [83,403,336] [403,854,387] [1063,1107,251] [1107,1359,404] [1359,1378,251] [1475,1491,285] [1491,2016,370] [2016,2339,353] [2339,2675,285] [2675,2899,319] [2899,2963,336] [2963,2963,353] [2963,3223,421] [3223,3247,336] [3315,3914,404] [3507,4050,438] [4271,4499,268] [4499,4626,421] [4626,4789,302] [4805,5317,251] 
 The Merged Intervals are: [4805,5317,251] [4626,4789,302] [4499,4626,421] [4271,4499,268] [3507,4050,438] [3315,3507,404] [3223,3247,336] [2963,3223,421] [2963,2963,353] [2899,2963,336] [2675,2899,319] [2339,2675,285] [2016,2339,353] [1491,2016,370] [1475,1491,285] [1359,1378,251] [1107,1359,404] [1063,1107,251] [403,854,387] [83,403,336] [10,83,234] [9,10,181] [4,9,109] 
 The normal Intervals are: [4,9,109] [9,10,181] [10,83,234] [83,403,336] [403,854,387] [1063,1107,251] [1107,1359,404] [1359,1378,251] [1475,1491,285] [1491,2016,370] [2016,2339,353] [2339,2675,285] [2675,2899,319] [2899,2963,336] [2963,2963,353] [2963,3223,421] [3223,3247,336] [3315,3507,404] [3507,4050,438] [3763,4007,438] [4271,4499,268] [4499,4626,421] [4626,4789,302] [4805,5317,251] 
 The Merged Intervals are: [4805,5317,251] [4626,4789,302] [4499,4626,421] [4271,4499,268] [3507,4050,438] [3315,3507,404] [3223,3247,336] [2963,3223,421] [2963,2963,353] [2899,2963,336] [2675,2899,319] [2339,2675,285] [2016,2339,353] [1491,2016,370] [1475,1491,285] [1359,1378,251] [1107,1359,404] [1063,1107,251] [403,854,387] [83,403,336] [10,83,234] [9,10,181] [4,9,109] 
 The normal Intervals are: [4,9,109] [9,10,181] [10,83,234] [83,403,336] [403,854,387] [1063,1107,251] [1107,1359,404] [1359,1378,251] [1475,1491,285] [1491,2016,370] [2016,2339,353] [2291,2409,455] [2339,2675,285] [2675,2899,319] [2899,2963,336] [2963,2963,353] [2963,3223,421] [3223,3247,336] [3315,3507,404] [3507,4050,438] [4271,4499,268] [4499,4626,421] [4626,4789,302] [4805,5317,251] 
 The Merged Intervals are: [4805,5317,251] [4626,4789,302] [4499,4626,421] [4271,4499,268] [3507,4050,438] [3315,3507,404] [3223,3247,336] [2963,3223,421] [2963,2963,353] [2899,2963,336] [2675,2899,319] [2409,2675,285] [2291,2409,455] [2016,2291,353] [1491,2016,370] [1475,1491,285] [1359,1378,251] [1107,1359,404] [1063,1107,251] [403,854,387] [83,403,336] [10,83,234] [9,10,181] [4,9,109] 
 The normal Intervals are: [4,9,109] [9,10,181] [10,83,234] [83,403,336] [147,720,455] [403,854,387] [1063,1107,251] [1107,1359,404] [1359,1378,251] [1475,1491,285] [1491,2016,370] [2016,2291,353] [2291,2409,455] [2409,2675,285] [2675,2899,319] [2899,2963,336] [2963,2963,353] [2963,3223,421] [3223,3247,336] [3315,3507,404] [3507,4050,438] [4271,4499,268] [4499,4626,421] [4626,4789,302] [4805,5317,251] 
 The Merged Intervals are: [4805,5317,251] [4626,4789,302] [4499,4626,421] [4271,4499,268] [3507,4050,438] [3315,3507,404] [3223,3247,336] [2963,3223,421] [2963,2963,353] [2899,2963,336] [2675,2899,319] [2409,2675,285] [2291,2409,455] [2016,2291,353] [1491,2016,370] [1475,1491,285] [1359,1378,251] [1107,1359,404] [1063,1107,251] [720,854,387] [147,720,455] [83,147,336] [10,83,234] [9,10,181] [4,9,109] 
 The normal Intervals are: [4,9,109] [9,10,181] [10,83,234] [83,147,336] [83,380,472] [147,720,455] [720,854,387] [1063,1107,251] [1107,1359,404] [1359,1378,251] [1475,1491,285] [1491,2016,370] [2016,2291,353] [2291,2409,455] [2409,2675,285] [2675,2899,319] [2899,2963,336] [2963,2963,353] [2963,3223,421] [3223,3247,336] [3315,3507,404] [3507,4050,438] [4271,4499,268] [4499,4626,421] [4626,4789,302] [4805,5317,251] 
 The Merged Intervals are: [4805,5317,251] [4626,4789,302] [4499,4626,421] [4271,4499,268] [3507,4050,438] [3315,3507,404] [3223,3247,336] [2963,3223,421] [2963,2963,353] [2899,2963,336] [2675,2899,319] [2409,2675,285] [2291,2409,455] [2016,2291,353] [1491,2016,370] [1475,1491,285] [1359,1378,251] [1107,1359,404] [1063,1107,251] [720,854,387] [380,720,455] [83,380,472] [83,83,336] [10,83,234] [9,10,181] [4,9,109] 
 The normal Intervals are: [4,9,109] [9,10,181] [10,83,234] [83,83,336] [83,380,472] [380,720,455] [720,854,387] [1063,1107,251] [1107,1359,404] [1331,1532,472] [1359,1378,251] [1475,1491,285] [1491,2016,370] [2016,2291,353] [2291,2409,455] [2409,2675,285] [2675,2899,319] [2899,2963,336] [2963,2963,353] [2963,3223,421] [3223,3247,336] [3315,3507,404] [3507,4050,438] [4271,4499,268] [4499,4626,421] [4626,4789,302] [4805,5317,251] 
 The Merged Intervals are: [4805,5317,251] [4626,4789,302] [4499,4626,421] [4271,4499,268] [3507,4050,438] [3315,3507,404] [3223,3247,336] [2963,3223,421] [2963,2963,353] [2899,2963,336] [2675,2899,319] [2409,2675,285] [2291,2409,455] [2016,2291,353] [1532,2016,370] [1331,1532,472] [1107,1331,404] [1063,1107,251] [720,854,387] [380,720,455] [83,380,472] [83,83,336] [10,83,234] [9,10,181] [4,9,109] 
 The normal Intervals are: [4,9,109] [9,10,181] [10,83,234] [83,83,336] [83,380,472] [380,720,455] [720,854,387] [1063,1107,251] [1107,1331,404] [1331,1532,472] [1532,2016,370] [2016,2291,353] [2035,2579,489] [2291,2409,455] [2409,2675,285] [2675,2899,319] [2899,2963,336] [2963,2963,353] [2963,3223,421] [3223,3247,336] [3315,3507,404] [3507,4050,438] [4271,4499,268] [4499,4626,421] [4626,4789,302] [4805,5317,251] 
 The Merged Intervals are: [4805,5317,251] [4626,4789,302] [4499,4626,421] [4271,4499,268] [3507,4050,438] [3315,3507,404] [3223,3247,336] [2963,3223,421] [2963,2963,353] [2899,2963,336] [2675,2899,319] [2579,2675,285] [2035,2579,489] [2016,2035,353] [1532,2016,370] [1331,1532,472] [1107,1331,404] [1063,1107,251] [720,854,387] [380,720,455] [83,380,472] [83,83,336] [10,83,234] [9,10,181] [4,9,109] 
 The normal Intervals are: [4,9,109] [9,10,181] [10,83,234] [83,83,336] [83,380,472] [380,720,455] [720,854,387] [1063,1107,251] [1107,1331,404] [1331,1532,472] [1532,2016,370] [2016,2035,353] [2035,2579,489] [2579,2675,285] [2675,2899,319] [2899,2963,336] [2963,2963,353] [2963,3223,421] [3223,3247,336] [3315,3507,404] [3507,4050,438] [4179,4475,489] [4271,4499,268] [4499,4626,421] [4626,4789,302] [4805,5317,251] 
 The Merged Intervals are: [4805,5317,251] [4626,4789,302] [4499,4626,421] [4475,4499,268] [4179,4475,489] [3507,4050,438] [3315,3507,404] [3223,3247,336] [2963,3223,421] [2963,2963,353] [2899,2963,336] [2675,2899,319] [2579,2675,285] [2035,2579,489] [2016,2035,353] [1532,2016,370] [1331,1532,472] [1107,1331,404] [1063,1107,251] [720,854,387] [380,720,455] [83,380,472] [83,83,336] [10,83,234] [9,10,181] [4,9,109] 
 The normal Intervals are: [4,9,109] [9,10,181] [10,83,234] [83,83,336] [83,380,472] [380,720,455] [720,854,387] [1063,1107,251] [1107,1331,404] [1331,1532,472] [1532,2016,370] [2016,2035,353] [2035,2579,489] [2579,2675,285] [2675,2899,319] [2899,2963,336] [2963,2963,353] [2963,3223,421] [3155,3271,506] [3223,3247,336] [3315,3507,404] [3507,4050,438] [4179,4475,489] [4475,4499,268] [4499,4626,421] [4626,4789,302] [4805,5317,251] 
 The Merged Intervals are: [4805,5317,251] [4626,4789,302] [4499,4626,421] [4475,4499,268] [4179,4475,489] [3507,4050,438] [3315,3507,404] [3155,3271,506] [2963,3155,421] [2963,2963,353] [2899,2963,336] [2675,2899,319] [2579,2675,285] [2035,2579,489] [2016,2035,353] [1532,2016,370] [1331,1532,472] [1107,1331,404] [1063,1107,251] [720,854,387] [380,720,455] [83,380,472] [83,83,336] [10,83,234] [9,10,181] [4,9,109] 
 The normal Intervals are: [4,9,109] [9,10,181] [10,83,234] [83,83,336] [83,380,472] [380,720,455] [720,854,387] [1063,1107,251] [1107,1331,404] [1331,1532,472] [1532,2016,370] [1875,2168,506] [2016,2035,353] [2035,2579,489] [2579,2675,285] [2675,2899,319] [2899,2963,336] [2963,2963,353] [2963,3155,421] [3155,3271,506] [3315,3507,404] [3507,4050,438] [4179,4475,489] [4475,4499,268] [4499,4626,421] [4626,4789,302] [4805,5317,251] 
 The Merged Intervals are: [4805,5317,251] [4626,4789,302] [4499,4626,421] [4475,4499,268] [4179,4475,489] [3507,4050,438] [3315,3507,404] [3155,3271,506] [2963,3155,421] [2963,2963,353] [2899,2963,336] [2675,2899,319] [2579,2675,285] [2168,2579,489] [1875,2168,506] [1532,1875,370] [1331,1532,472] [1107,1331,404] [1063,1107,251] [720,854,387] [380,720,455] [83,380,472] [83,83,336] [10,83,234] [9,10,181] [4,9,109] 
 The normal Intervals are: [4,9,109] [9,10,181] [10,83,234] [83,83,336] [83,380,472] [380,720,455] [720,854,387] [1063,1107,251] [1107,1331,404] [1331,1532,472] [1532,1875,370] [1875,2168,506] [2168,2579,489] [2579,2675,285] [2675,2899,319] [2899,2963,336] [2963,2963,353] [2963,3155,421] [3155,3271,506] [3315,3507,404] [3507,4050,438] [3987,4552,523] [4179,4475,489] [4475,4499,268] [4499,4626,421] [4626,4789,302] [4805,5317,251] 
 The Merged Intervals are: [4805,5317,251] [4626,4789,302] [4552,4626,421] [3987,4552,523] [3507,3987,438] [3315,3507,404] [3155,3271,506] [2963,3155,421] [2963,2963,353] [2899,2963,336] [2675,2899,319] [2579,2675,285] [2168,2579,489] [1875,2168,506] [1532,1875,370] [1331,1532,472] [1107,1331,404] [1063,1107,251] [720,854,387] [380,720,455] [83,380,472] [83,83,336] [10,83,234] [9,10,181] [4,9,109] 
 The normal Intervals are: [4,9,109] [9,10,181] [10,83,234] [83,83,336] [83,380,472] [380,720,455] [720,854,387] [1063,1107,251] [1107,1331,404] [1331,1532,472] [1532,1875,370] [1875,2168,506] [2168,2579,489] [2579,2675,285] [2675,2899,319] [2899,2963,336] [2899,3198,523] [2963,2963,353] [2963,3155,421] [3155,3271,506] [3315,3507,404] [3507,3987,438] [3987,4552,523] [4552,4626,421] [4626,4789,302] [4805,5317,251] 
 The Merged Intervals are: [4805,5317,251] [4626,4789,302] [4552,4626,421] [3987,4552,523] [3507,3987,438] [3315,3507,404] [3198,3271,506] [2899,3198,523] [2899,2899,336] [2675,2899,319] [2579,2675,285] [2168,2579,489] [1875,2168,506] [1532,1875,370] [1331,1532,472] [1107,1331,404] [1063,1107,251] [720,854,387] [380,720,455] [83,380,472] [83,83,336] [10,83,234] [9,10,181] [4,9,109] 
 The normal Intervals are: [4,9,109] [9,10,181] [10,83,234] [83,83,336] [83,380,472] [380,720,455] [720,854,387] [1063,1107,251] [1107,1331,404] [1331,1532,472] [1532,1875,370] [1875,2168,506] [2168,2579,489] [2579,2675,285] [2675,2899,319] [2899,2899,336] [2899,3198,523] [3198,3271,506] [3315,3507,404] [3443,3638,540] [3507,3987,438] [3987,4552,523] [4552,4626,421] [4626,4789,302] [4805,5317,251] 
 The Merged Intervals are: [4805,5317,251] [4626,4789,302] [4552,4626,421] [3987,4552,523] [3638,3987,438] [3443,3638,540] [3315,3443,404] [3198,3271,506] [2899,3198,523] [2899,2899,336] [2675,2899,319] [2579,2675,285] [2168,2579,489] [1875,2168,506] [1532,1875,370] [1331,1532,472] [1107,1331,404] [1063,1107,251] [720,854,387] [380,720,455] [83,380,472] [83,83,336] [10,83,234] [9,10,181] [4,9,109] 
 The normal Intervals are: [4,9,109] [9,10,181] [10,83,234] [83,83,336] [83,380,472] [307,407,540] [380,720,455] [720,854,387] [1063,1107,251] [1107,1331,404] [1331,1532,472] [1532,1875,370] [1875,2168,506] [2168,2579,489] [2579,2675,285] [2675,2899,319] [2899,2899,336] [2899,3198,523] [3198,3271,506] [3315,3443,404] [3443,3638,540] [3638,3987,438] [3987,4552,523] [4552,4626,421] [4626,4789,302] [4805,5317,251] 
 The Merged Intervals are: [4805,5317,251] [4626,4789,302] [4552,4626,421] [3987,4552,523] [3638,3987,438] [3443,3638,540] [3315,3443,404] [3198,3271,506] [2899,3198,523] [2899,2899,336] [2675,2899,319] [2579,2675,285] [2168,2579,489] [1875,2168,506] [1532,1875,370] [1331,1532,472] [1107,1331,404] [1063,1107,251] [720,854,387] [407,720,455] [307,407,540] [83,307,472] [83,83,336] [10,83,234] [9,10,181] [4,9,109] 
 The normal Intervals are: [4,9,109] [9,10,181] [10,83,234] [83,83,336] [83,307,472] [307,407,540] [407,720,455] [720,854,387] [1063,1107,251] [1107,1331,404] [1331,1532,472] [1532,1875,370] [1875,2168,506] [2168,2579,489] [2579,2675,285] [2675,2899,319] [2899,2899,336] [2899,3198,523] [3198,3271,506] [3283,3789,557] [3315,3443,404] [3443,3638,540] [3638,3987,438] [3987,4552,523] [4552,4626,421] [4626,4789,302] [4805,5317,251] 
 The Merged Intervals are: [4805,5317,251] [4626,4789,302] [4552,4626,421] [3987,4552,523] [3789,3987,438] [3283,3789,557] [3198,3271,506] [2899,3198,523] [2899,2899,336] [2675,2899,319] [2579,2675,285] [2168,2579,489] [1875,2168,506] [1532,1875,370] [1331,1532,472] [1107,1331,404] [1063,1107,251] [720,854,387] [407,720,455] [307,407,540] [83,307,472] [83,83,336] [10,83,234] [9,10,181] [4,9,109] 
 The normal Intervals are: [4,9,109] [9,10,181] [10,83,234] [83,83,336] [83,307,472] [307,407,540] [407,720,455] [720,854,387] [1063,1107,251] [1107,1331,404] [1107,1649,557] [1331,1532,472] [1532,1875,370] [1875,2168,506] [2168,2579,489] [2579,2675,285] [2675,2899,319] [2899,2899,336] [2899,3198,523] [3198,3271,506] [3283,3789,557] [3789,3987,438] [3987,4552,523] [4552,4626,421] [4626,4789,302] [4805,5317,251] 
 The Merged Intervals are: [4805,5317,251] [4626,4789,302] [4552,4626,421] [3987,4552,523] [3789,3987,438] [3283,3789,557] [3198,3271,506] [2899,3198,523] [2899,2899,336] [2675,2899,319] [2579,2675,285] [2168,2579,489] [1875,2168,506] [1649,1875,370] [1107,1649,557] [1107,1107,404] [1063,1107,251] [720,854,387] [407,720,455] [307,407,540] [83,307,472] [83,83,336] [10,83,234] [9,10,181] [4,9,109] 
 The normal Intervals are: [4,9,109] [9,10,181] [10,83,234] [83,83,336] [83,307,472] [307,407,540] [407,720,455] [720,854,387] [1063,1107,251] [1107,1107,404] [1107,1649,557] [1649,1875,370] [1875,2168,506] [2168,2579,489] [2579,2675,285] [2675,2899,319] [2899,2899,336] [2899,3198,523] [3198,3271,506] [3283,3789,557] [3789,3987,438] [3987,4552,523] [4051,4540,574] [4552,4626,421] [4626,4789,302] [4805,5317,251] 
 The Merged Intervals are: [4805,5317,251] [4626,4789,302] [4552,4626,421] [4540,4552,523] [4051,4540,574] [3987,4051,523] [3789,3987,438] [3283,3789,557] [3198,3271,506] [2899,3198,523] [2899,2899,336] [2675,2899,319] [2579,2675,285] [2168,2579,489] [1875,2168,506] [1649,1875,370] [1107,1649,557] [1107,1107,404] [1063,1107,251] [720,854,387] [407,720,455] [307,407,540] [83,307,472] [83,83,336] [10,83,234] [9,10,181] [4,9,109] 
 The normal Intervals are: [4,9,109] [9,10,181] [10,83,234] [83,83,336] [83,307,472] [307,407,540] [407,720,455] [720,854,387] [1063,1107,251] [1107,1107,404] [1107,1649,557] [1649,1875,370] [1875,2168,506] [2168,2579,489] [2579,2675,285] [2675,2899,319] [2899,2899,336] [2899,3198,523] [3198,3271,506] [3283,3789,557] [3789,3987,438] [3987,4051,523] [4051,4540,574] [4371,4953,574] [4540,4552,523] [4552,4626,421] [4626,4789,302] [4805,5317,251] 
 The Merged Intervals are: [4953,5317,251] [4371,4953,574] [4051,4371,574] [3987,4051,523] [3789,3987,438] [3283,3789,557] [3198,3271,506] [2899,3198,523] [2899,2899,336] [2675,2899,319] [2579,2675,285] [2168,2579,489] [1875,2168,506] [1649,1875,370] [1107,1649,557] [1107,1107,404] [1063,1107,251] [720,854,387] [407,720,455] [307,407,540] [83,307,472] [83,83,336] [10,83,234] [9,10,181] [4,9,109] 
336,566,718,1240,1254,1350,1384,1456,1490,1708,3234,4366,5658,6462,7928,8874,9222,9584,10320,10646,10714,10750,10806,10840,10856,10960,11192,12170,13198,13504,13742,13878,14218,14218,14422,14558,14592,14182,14250,14876,15094,15094,14238,14272,14476,14612,14710,14880,14982,14512,
Case #1: 848278949